0 info it worked if it ends with ok
1 verbose cli [ 'C:\\Program Files (x86)\\nodejs\\\\node.exe',
1 verbose cli   'C:\\Program Files (x86)\\nodejs\\node_modules\\npm\\bin\\npm-cli.js',
1 verbose cli   'run',
1 verbose cli   'transifex' ]
2 info using npm@2.11.3
3 info using node@v0.12.7
4 verbose run-script [ 'pretransifex', 'transifex', 'posttransifex' ]
5 info pretransifex osrm-text-instructions@0.4.0
6 info transifex osrm-text-instructions@0.4.0
7 verbose unsafe-perm in lifecycle true
8 info osrm-text-instructions@0.4.0 Failed to exec transifex script
9 verbose stack Error: osrm-text-instructions@0.4.0 transifex: `node scripts/transifex.js`
9 verbose stack Exit status 1
9 verbose stack     at EventEmitter.<anonymous> (C:\Program Files (x86)\nodejs\node_modules\npm\lib\utils\lifecycle.js:213:16)
9 verbose stack     at EventEmitter.emit (events.js:110:17)
9 verbose stack     at ChildProcess.<anonymous> (C:\Program Files (x86)\nodejs\node_modules\npm\lib\utils\spawn.js:24:14)
9 verbose stack     at ChildProcess.emit (events.js:110:17)
9 verbose stack     at maybeClose (child_process.js:1015:16)
9 verbose stack     at Process.ChildProcess._handle.onexit (child_process.js:1087:5)
10 verbose pkgid osrm-text-instructions@0.4.0
11 verbose cwd C:\Projects\ESTAT\osrm-text\osrm-text-instructions
12 error Windows_NT 6.1.7601
13 error argv "C:\\Program Files (x86)\\nodejs\\\\node.exe" "C:\\Program Files (x86)\\nodejs\\node_modules\\npm\\bin\\npm-cli.js" "run" "transifex"
14 error node v0.12.7
15 error npm  v2.11.3
16 error code ELIFECYCLE
17 error osrm-text-instructions@0.4.0 transifex: `node scripts/transifex.js`
17 error Exit status 1
18 error Failed at the osrm-text-instructions@0.4.0 transifex script 'node scripts/transifex.js'.
18 error This is most likely a problem with the osrm-text-instructions package,
18 error not with npm itself.
18 error Tell the author that this fails on your system:
18 error     node scripts/transifex.js
18 error You can get their info via:
18 error     npm owner ls osrm-text-instructions
18 error There is likely additional logging output above.
19 verbose exit [ 1, true ]
